<?xml version="1.0" encoding="UTF-8"?>
<testng-results skipped="0" failed="0" ignored="0" total="1" passed="1">
  <reporter-output>
    <line>
      <![CDATA[Hi--]]>
    </line>
  </reporter-output>
  <suite name="Suite" duration-ms="126" started-at="2021-02-08T17:31:36 IST" finished-at="2021-02-08T17:31:36 IST">
    <groups>
    </groups>
    <test name="Test" duration-ms="126" started-at="2021-02-08T17:31:36 IST" finished-at="2021-02-08T17:31:36 IST">
      <class name="Demo">
        <test-method status="PASS" signature="TC()[pri:0, instance:Demo@5c5a1b69]" name="TC" duration-ms="20" started-at="2021-02-08T17:31:36 IST" finished-at="2021-02-08T17:31:36 IST">
          <reporter-output>
            <line>
              <![CDATA[Hi--]]>
            </line>
          </reporter-output>
        </test-method> <!-- TC -->
      </class> <!-- Demo -->
    </test> <!-- Test -->
  </suite> <!-- Suite -->
</testng-results>
